{"level":"info","message":"Server started successfully","timestamp":"2025-07-21T04:49:38.876Z"}
{"level":"info","message":"Server started successfully","timestamp":"2025-07-21T04:52:32.747Z"}
{"level":"info","message":"Server started successfully","timestamp":"2025-07-21T04:52:47.408Z"}
{"level":"info","message":"Server started successfully","timestamp":"2025-07-21T04:52:49.978Z"}
{"level":"info","message":"Server started successfully","timestamp":"2025-07-21T04:52:51.877Z"}
{"level":"info","message":"Server started successfully","timestamp":"2025-07-21T06:04:08.676Z"}
{"level":"info","message":"Server started successfully","timestamp":"2025-07-21T06:04:10.912Z"}
{"level":"info","message":"Server started successfully","timestamp":"2025-07-21T06:04:17.775Z"}
{"level":"info","message":"Server started successfully","timestamp":"2025-07-21T06:04:21.063Z"}
{"level":"info","message":"Server started successfully","timestamp":"2025-07-21T06:04:39.521Z"}
{"level":"info","message":"Server started successfully","timestamp":"2025-07-21T06:04:41.912Z"}
{"level":"info","message":"Server started successfully","timestamp":"2025-07-21T06:04:47.890Z"}
{"level":"info","message":"Server started successfully","timestamp":"2025-07-21T06:04:58.250Z"}
{"level":"info","message":"Server started successfully","timestamp":"2025-07-21T06:05:10.191Z"}
{"level":"info","message":"Server started successfully","timestamp":"2025-07-21T06:05:15.554Z"}
{"level":"info","message":"Server started successfully","timestamp":"2025-07-21T06:05:16.675Z"}
{"level":"info","message":"Server started successfully","timestamp":"2025-07-21T06:05:22.819Z"}
{"level":"info","message":"Server started successfully","timestamp":"2025-07-21T06:05:33.219Z"}
{"level":"info","message":"Server started successfully","timestamp":"2025-07-21T06:05:37.715Z"}
{"level":"info","message":"Server started successfully","timestamp":"2025-07-21T06:05:58.841Z"}
{"level":"info","message":"Server started successfully","timestamp":"2025-07-21T06:06:05.913Z"}
{"level":"info","message":"Server started successfully","timestamp":"2025-07-21T06:06:07.257Z"}
{"level":"info","message":"Server started successfully","timestamp":"2025-07-21T06:06:17.104Z"}
{"level":"info","message":"Server started successfully","timestamp":"2025-07-21T06:06:37.858Z"}
{"level":"info","message":"Server started successfully","timestamp":"2025-07-21T06:07:08.381Z"}
{"level":"info","message":"Server started successfully","timestamp":"2025-07-21T06:08:39.684Z"}
{"level":"info","message":"Server started successfully","timestamp":"2025-07-21T06:08:43.909Z"}
{"level":"info","message":"Server started successfully","timestamp":"2025-07-21T06:08:48.470Z"}
{"level":"info","message":"Server started successfully","timestamp":"2025-07-21T06:08:58.624Z"}
{"level":"info","message":"Server started successfully","timestamp":"2025-07-21T06:11:38.490Z"}
{"level":"info","message":"Server started successfully","timestamp":"2025-07-21T06:11:42.006Z"}
{"level":"info","message":"Server started successfully","timestamp":"2025-07-21T06:11:45.128Z"}
{"level":"info","message":"Server started successfully","timestamp":"2025-07-21T06:12:04.386Z"}
{"level":"info","message":"Server started successfully","timestamp":"2025-07-21T06:13:43.387Z"}
{"level":"info","message":"Server started successfully","timestamp":"2025-07-21T06:13:46.385Z"}
{"level":"info","message":"Server started successfully","timestamp":"2025-07-21T06:13:52.378Z"}
{"level":"info","message":"Server started successfully","timestamp":"2025-07-21T06:14:24.095Z"}
{"level":"info","message":"Server started successfully","timestamp":"2025-07-21T06:14:32.699Z"}
{"level":"info","message":"Server started successfully","timestamp":"2025-07-21T06:14:36.022Z"}
{"level":"info","message":"Server started successfully","timestamp":"2025-07-21T06:14:39.258Z"}
{"level":"info","message":"Server started successfully","timestamp":"2025-07-21T06:14:43.843Z"}
{"level":"info","message":"Server started successfully","timestamp":"2025-07-21T06:14:46.803Z"}
{"level":"info","message":"Server started successfully","timestamp":"2025-07-21T06:14:50.139Z"}
{"level":"info","message":"Server started successfully","timestamp":"2025-07-21T06:14:58.858Z"}
{"level":"info","message":"Server started successfully","timestamp":"2025-07-21T06:15:04.437Z"}
{"level":"info","message":"Server started successfully","timestamp":"2025-07-21T06:15:07.446Z"}
{"level":"info","message":"Server started successfully","timestamp":"2025-07-21T06:15:09.946Z"}
{"level":"info","message":"Server started successfully","timestamp":"2025-07-21T06:15:13.415Z"}
{"level":"info","message":"Server started successfully","timestamp":"2025-07-21T06:15:15.291Z"}
{"level":"info","message":"Server started successfully","timestamp":"2025-07-21T06:15:18.623Z"}
{"level":"info","message":"Server started successfully","timestamp":"2025-07-21T06:15:22.541Z"}
{"level":"info","message":"Server started successfully","timestamp":"2025-07-21T06:15:37.831Z"}
{"level":"info","message":"Server started successfully","timestamp":"2025-07-21T06:15:45.895Z"}
{"level":"info","message":"Server started successfully","timestamp":"2025-07-21T06:15:48.744Z"}
{"level":"info","message":"Server started successfully","timestamp":"2025-07-21T06:16:17.374Z"}
{"level":"info","message":"Server started successfully","timestamp":"2025-07-21T06:16:19.713Z"}
{"level":"info","message":"Server started successfully","timestamp":"2025-07-21T06:16:33.931Z"}
{"level":"info","message":"Server started successfully","timestamp":"2025-07-21T06:16:36.323Z"}
{"level":"info","message":"Server started successfully","timestamp":"2025-07-21T06:16:45.036Z"}
{"level":"info","message":"Server started successfully","timestamp":"2025-07-21T06:16:51.733Z"}
{"level":"info","message":"Server started successfully","timestamp":"2025-07-21T06:16:52.951Z"}
{"level":"info","message":"Server started successfully","timestamp":"2025-07-21T06:17:06.059Z"}
{"level":"info","message":"Server started successfully","timestamp":"2025-07-21T06:17:10.980Z"}
{"level":"info","message":"Server started successfully","timestamp":"2025-07-21T06:17:12.410Z"}
{"level":"info","message":"Server started successfully","timestamp":"2025-07-21T06:17:21.898Z"}
{"level":"info","message":"Server started successfully","timestamp":"2025-07-21T06:20:32.802Z"}
{"level":"info","message":"Server started successfully","timestamp":"2025-07-21T06:20:36.345Z"}
{"level":"info","message":"Server started successfully","timestamp":"2025-07-21T06:20:40.411Z"}
{"level":"info","message":"Server started successfully","timestamp":"2025-07-21T06:20:45.873Z"}
{"level":"info","message":"Server started successfully","timestamp":"2025-07-21T06:20:49.343Z"}
{"level":"info","message":"Server started successfully","timestamp":"2025-07-21T06:20:53.419Z"}
{"level":"info","message":"Server started successfully","timestamp":"2025-07-21T06:21:05.646Z"}
{"level":"info","message":"Server started successfully","timestamp":"2025-07-21T06:21:09.176Z"}
{"level":"info","message":"Server started successfully","timestamp":"2025-07-21T06:21:10.641Z"}
{"level":"info","message":"Server started successfully","timestamp":"2025-07-21T06:22:50.489Z"}
{"level":"info","message":"Server started successfully","timestamp":"2025-07-21T06:23:02.390Z"}
{"level":"info","message":"Server started successfully","timestamp":"2025-07-21T06:23:03.972Z"}
{"level":"info","message":"Server started successfully","timestamp":"2025-07-21T06:23:11.360Z"}
{"level":"info","message":"Server started successfully","timestamp":"2025-07-21T06:23:16.718Z"}
{"level":"info","message":"Server started successfully","timestamp":"2025-07-21T06:23:18.464Z"}
{"level":"info","message":"Server started successfully","timestamp":"2025-07-21T06:23:23.643Z"}
{"level":"info","message":"Server started successfully","timestamp":"2025-07-21T06:23:54.291Z"}
{"level":"info","message":"Server started successfully","timestamp":"2025-07-21T06:23:58.755Z"}
{"level":"info","message":"Server started successfully","timestamp":"2025-07-21T06:24:30.989Z"}
{"level":"info","message":"Server started successfully","timestamp":"2025-07-21T06:24:32.660Z"}
{"level":"info","message":"Server started successfully","timestamp":"2025-07-21T06:24:51.861Z"}
{"level":"info","message":"Server started successfully","timestamp":"2025-07-21T06:24:53.279Z"}
{"level":"info","message":"Server started successfully","timestamp":"2025-07-21T06:25:12.588Z"}
{"level":"info","message":"Server started successfully","timestamp":"2025-07-21T06:25:18.733Z"}
{"level":"info","message":"Server started successfully","timestamp":"2025-07-21T06:25:23.746Z"}
{"level":"info","message":"Server started successfully","timestamp":"2025-07-21T06:25:28.715Z"}
{"level":"info","message":"Server started successfully","timestamp":"2025-07-21T06:25:38.428Z"}
{"level":"info","message":"Server started successfully","timestamp":"2025-07-21T06:25:53.252Z"}
{"level":"info","message":"Server started successfully","timestamp":"2025-07-21T06:25:57.696Z"}
{"level":"info","message":"Server started successfully","timestamp":"2025-07-21T06:26:05.725Z"}
{"level":"info","message":"Server started successfully","timestamp":"2025-07-21T06:26:10.649Z"}
{"level":"info","message":"Server started successfully","timestamp":"2025-07-21T06:26:13.813Z"}
{"level":"info","message":"Server started successfully","timestamp":"2025-07-21T06:26:20.235Z"}
{"level":"info","message":"Server started successfully","timestamp":"2025-07-21T06:26:23.789Z"}
{"level":"info","message":"Server started successfully","timestamp":"2025-07-21T06:26:27.694Z"}
{"level":"info","message":"Server started successfully","timestamp":"2025-07-21T06:26:31.838Z"}
{"level":"info","message":"Server started successfully","timestamp":"2025-07-21T06:26:34.986Z"}
{"level":"info","message":"Server started successfully","timestamp":"2025-07-21T06:26:43.925Z"}
{"level":"info","message":"Server started successfully","timestamp":"2025-07-21T06:26:46.437Z"}
{"level":"info","message":"Server started successfully","timestamp":"2025-07-21T06:26:56.942Z"}
{"level":"info","message":"Server started successfully","timestamp":"2025-07-21T06:27:06.338Z"}
{"level":"info","message":"Server started successfully","timestamp":"2025-07-21T06:27:52.698Z"}
{"level":"info","message":"Server started successfully","timestamp":"2025-07-21T06:27:57.826Z"}
{"level":"info","message":"Server started successfully","timestamp":"2025-07-21T06:28:01.835Z"}
{"level":"info","message":"Server started successfully","timestamp":"2025-07-21T06:28:06.275Z"}
{"level":"info","message":"Server started successfully","timestamp":"2025-07-21T06:28:09.904Z"}
{"level":"info","message":"Server started successfully","timestamp":"2025-07-21T06:28:13.542Z"}
{"level":"info","message":"Server started successfully","timestamp":"2025-07-21T06:31:02.007Z"}
{"level":"info","message":"Server started successfully","timestamp":"2025-07-21T06:31:50.137Z"}
{"level":"info","message":"Server started successfully","timestamp":"2025-07-21T06:31:55.472Z"}
{"level":"info","message":"Server started successfully","timestamp":"2025-07-21T06:32:00.517Z"}
{"level":"info","message":"Server started successfully","timestamp":"2025-07-21T06:32:03.064Z"}
{"level":"info","message":"Server started successfully","timestamp":"2025-07-21T06:32:12.163Z"}
{"level":"info","message":"Server started successfully","timestamp":"2025-07-21T06:32:13.411Z"}
{"level":"info","message":"Server started successfully","timestamp":"2025-07-21T06:32:18.967Z"}
{"level":"info","message":"Server started successfully","timestamp":"2025-07-21T06:32:20.766Z"}
{"level":"info","message":"Server started successfully","timestamp":"2025-07-21T06:32:22.886Z"}
{"level":"info","message":"Server started successfully","timestamp":"2025-07-21T06:32:29.803Z"}
{"level":"info","message":"Server started successfully","timestamp":"2025-07-21T06:33:06.069Z"}
{"level":"info","message":"Server started successfully","timestamp":"2025-07-21T06:33:11.893Z"}
{"level":"info","message":"Server started successfully","timestamp":"2025-07-21T06:33:23.030Z"}
{"level":"info","message":"Server started successfully","timestamp":"2025-07-21T06:34:29.387Z"}
{"level":"info","message":"Server started successfully","timestamp":"2025-07-21T06:34:45.776Z"}
{"level":"info","message":"Server started successfully","timestamp":"2025-07-21T06:39:49.434Z"}
{"level":"info","message":"Server started successfully","timestamp":"2025-07-21T06:39:51.495Z"}
{"level":"info","message":"Server started successfully","timestamp":"2025-07-21T06:47:05.976Z"}
{"level":"info","message":"Server started successfully","timestamp":"2025-07-21T06:53:37.544Z"}
{"level":"info","message":"Server started successfully","timestamp":"2025-07-21T06:57:22.528Z"}
{"level":"info","message":"Server started successfully","timestamp":"2025-07-21T08:00:16.837Z"}
{"level":"info","message":"Server started successfully","timestamp":"2025-07-21T08:00:19.791Z"}
{"level":"info","message":"Server started successfully","timestamp":"2025-07-21T08:00:23.530Z"}
{"level":"info","message":"Server started successfully","timestamp":"2025-07-21T08:00:27.119Z"}
{"level":"info","message":"Server started successfully","timestamp":"2025-07-21T08:00:31.617Z"}
{"level":"info","message":"Server started successfully","timestamp":"2025-07-21T08:00:36.553Z"}
{"level":"info","message":"Server started successfully","timestamp":"2025-07-21T08:00:48.042Z"}
{"level":"info","message":"Server started successfully","timestamp":"2025-07-21T08:00:50.932Z"}
{"level":"info","message":"Server started successfully","timestamp":"2025-07-21T08:01:31.553Z"}
{"level":"info","message":"Server started successfully","timestamp":"2025-07-21T08:01:36.242Z"}
{"level":"info","message":"Server started successfully","timestamp":"2025-07-21T08:01:41.638Z"}
{"level":"info","message":"Server started successfully","timestamp":"2025-07-21T08:01:44.643Z"}
{"level":"info","message":"Server started successfully","timestamp":"2025-07-21T08:01:57.495Z"}
{"level":"info","message":"Server started successfully","timestamp":"2025-07-21T08:02:01.562Z"}
{"level":"info","message":"Server started successfully","timestamp":"2025-07-21T08:02:09.931Z"}
{"level":"info","message":"Server started successfully","timestamp":"2025-07-21T08:02:25.703Z"}
{"level":"info","message":"Server started successfully","timestamp":"2025-07-21T08:02:56.456Z"}
{"level":"info","message":"Server started successfully","timestamp":"2025-07-21T08:03:00.207Z"}
{"level":"info","message":"Server started successfully","timestamp":"2025-07-21T08:03:09.163Z"}
{"level":"info","message":"Server started successfully","timestamp":"2025-07-21T08:03:11.905Z"}
{"level":"info","message":"Server started successfully","timestamp":"2025-07-21T08:03:27.418Z"}
{"level":"info","message":"Server started successfully","timestamp":"2025-07-21T08:03:31.026Z"}
{"level":"info","message":"Server started successfully","timestamp":"2025-07-21T08:03:34.888Z"}
{"level":"info","message":"Server started successfully","timestamp":"2025-07-21T08:04:44.746Z"}
{"level":"info","message":"Server started successfully","timestamp":"2025-07-21T08:05:18.199Z"}
{"level":"info","message":"Server started successfully","timestamp":"2025-07-21T08:05:26.673Z"}
{"level":"info","message":"Server started successfully","timestamp":"2025-07-21T08:05:31.811Z"}
{"level":"info","message":"Server started successfully","timestamp":"2025-07-21T08:05:38.201Z"}
{"level":"info","message":"Server started successfully","timestamp":"2025-07-21T08:05:42.196Z"}
{"level":"info","message":"Server started successfully","timestamp":"2025-07-21T08:05:46.570Z"}
{"level":"info","message":"Server started successfully","timestamp":"2025-07-21T08:06:09.400Z"}
{"level":"info","message":"Server started successfully","timestamp":"2025-07-21T08:06:16.129Z"}
{"level":"info","message":"Server started successfully","timestamp":"2025-07-21T08:06:54.381Z"}
{"level":"info","message":"Server started successfully","timestamp":"2025-07-21T08:07:00.031Z"}
{"level":"info","message":"Server started successfully","timestamp":"2025-07-21T08:07:01.697Z"}
{"level":"info","message":"Server started successfully","timestamp":"2025-07-21T08:07:09.465Z"}
{"level":"info","message":"Server started successfully","timestamp":"2025-07-21T08:07:14.097Z"}
{"level":"info","message":"Server started successfully","timestamp":"2025-07-21T08:07:17.325Z"}
{"level":"info","message":"Server started successfully","timestamp":"2025-07-21T08:10:38.205Z"}
{"level":"info","message":"Server started successfully","timestamp":"2025-07-21T08:10:46.328Z"}
{"level":"info","message":"Server started successfully","timestamp":"2025-07-21T08:11:25.747Z"}
{"level":"info","message":"Server started successfully","timestamp":"2025-07-21T08:11:36.512Z"}
{"level":"info","message":"Server started successfully","timestamp":"2025-07-21T08:11:41.199Z"}
{"level":"info","message":"Server started successfully","timestamp":"2025-07-21T08:11:43.926Z"}
{"level":"info","message":"Server started successfully","timestamp":"2025-07-21T08:11:51.640Z"}
{"level":"info","message":"Server started successfully","timestamp":"2025-07-21T08:11:57.342Z"}
{"level":"info","message":"Server started successfully","timestamp":"2025-07-21T08:14:26.136Z"}
{"level":"info","message":"Server started successfully","timestamp":"2025-07-21T08:14:29.949Z"}
{"level":"info","message":"Server started successfully","timestamp":"2025-07-21T08:14:32.873Z"}
{"level":"info","message":"Server started successfully","timestamp":"2025-07-21T08:14:35.348Z"}
{"level":"info","message":"Server started successfully","timestamp":"2025-07-21T08:14:39.712Z"}
{"level":"info","message":"Server started successfully","timestamp":"2025-07-21T08:14:49.275Z"}
{"level":"info","message":"Server started successfully","timestamp":"2025-07-21T08:14:53.625Z"}
{"level":"info","message":"Server started successfully","timestamp":"2025-07-21T08:14:58.137Z"}
{"level":"info","message":"Server started successfully","timestamp":"2025-07-21T08:15:01.111Z"}
{"level":"info","message":"Server started successfully","timestamp":"2025-07-21T08:15:07.519Z"}
{"level":"info","message":"Server started successfully","timestamp":"2025-07-21T08:15:09.820Z"}
{"level":"info","message":"Server started successfully","timestamp":"2025-07-21T08:15:14.116Z"}
{"level":"info","message":"Server started successfully","timestamp":"2025-07-21T08:15:27.578Z"}
{"level":"info","message":"Server started successfully","timestamp":"2025-07-21T08:15:32.040Z"}
{"level":"info","message":"Server started successfully","timestamp":"2025-07-21T08:15:34.563Z"}
{"level":"info","message":"Server started successfully","timestamp":"2025-07-21T08:15:38.090Z"}
{"level":"info","message":"Server started successfully","timestamp":"2025-07-21T08:15:46.599Z"}
{"level":"info","message":"Server started successfully","timestamp":"2025-07-21T08:15:48.244Z"}
{"level":"info","message":"Server started successfully","timestamp":"2025-07-21T08:15:51.282Z"}
{"level":"info","message":"Server started successfully","timestamp":"2025-07-21T08:15:57.357Z"}
{"level":"info","message":"Server started successfully","timestamp":"2025-07-21T08:15:59.535Z"}
{"level":"info","message":"Server started successfully","timestamp":"2025-07-21T08:16:02.065Z"}
{"level":"info","message":"Server started successfully","timestamp":"2025-07-21T08:16:19.695Z"}
{"level":"info","message":"Server started successfully","timestamp":"2025-07-21T08:16:22.503Z"}
{"level":"info","message":"Server started successfully","timestamp":"2025-07-21T08:16:28.428Z"}
{"level":"info","message":"Server started successfully","timestamp":"2025-07-21T08:16:32.670Z"}
{"level":"info","message":"Server started successfully","timestamp":"2025-07-21T08:16:34.640Z"}
{"level":"info","message":"Server started successfully","timestamp":"2025-07-21T08:16:45.494Z"}
{"level":"info","message":"Server started successfully","timestamp":"2025-07-21T08:16:49.000Z"}
{"level":"info","message":"Server started successfully","timestamp":"2025-07-21T08:16:51.175Z"}
{"level":"info","message":"Server started successfully","timestamp":"2025-07-21T08:16:58.562Z"}
{"level":"info","message":"Server started successfully","timestamp":"2025-07-21T08:17:00.845Z"}
{"level":"info","message":"Server started successfully","timestamp":"2025-07-21T08:17:04.077Z"}
{"level":"info","message":"Server started successfully","timestamp":"2025-07-21T08:17:05.569Z"}
{"level":"info","message":"Server started successfully","timestamp":"2025-07-21T08:18:33.210Z"}
{"level":"info","message":"Server started successfully","timestamp":"2025-07-21T08:34:05.033Z"}
{"level":"info","message":"Server started successfully","timestamp":"2025-07-21T08:34:20.127Z"}
{"level":"info","message":"Server started successfully","timestamp":"2025-07-21T08:34:23.131Z"}
{"level":"info","message":"Server started successfully","timestamp":"2025-07-21T08:34:26.812Z"}
{"level":"info","message":"::1 - - [21/Jul/2025:08:39:30 +0000] \"POST /role/addrole HTTP/1.1\" 500 1376 \"-\" \"PostmanRuntime/7.44.1\"","timestamp":"2025-07-21T08:39:30.988Z"}
{"level":"info","message":"Server started successfully","timestamp":"2025-07-21T08:39:53.550Z"}
{"level":"info","message":"::1 - - [21/Jul/2025:08:39:58 +0000] \"POST /role/addrole HTTP/1.1\" 200 372 \"-\" \"PostmanRuntime/7.44.1\"","timestamp":"2025-07-21T08:39:58.678Z"}
{"level":"info","message":"Server started successfully","timestamp":"2025-07-21T08:52:38.200Z"}
{"level":"error","message":"error while adding a roleValidationError: roleName: Path `roleName` is required.","timestamp":"2025-07-21T09:13:19.824Z"}
{"level":"info","message":"::1 - - [21/Jul/2025:09:13:19 +0000] \"POST /role/addrole HTTP/1.1\" 200 45 \"-\" \"PostmanRuntime/7.44.1\"","timestamp":"2025-07-21T09:13:19.831Z"}
{"level":"error","message":"Error in register: Error checking user existence: ReferenceError: Status is not defined","timestamp":"2025-07-21T09:14:00.109Z"}
{"level":"info","message":"Server started successfully","timestamp":"2025-07-21T09:15:29.643Z"}
{"level":"error","message":"Error in register: Cannot read properties of undefined (reading 'email')","timestamp":"2025-07-21T09:15:35.287Z"}
{"level":"info","message":"::1 - - [21/Jul/2025:09:15:37 +0000] \"POST /user/adduser HTTP/1.1\" - - \"-\" \"PostmanRuntime/7.44.1\"","timestamp":"2025-07-21T09:15:37.749Z"}
{"level":"info","message":"Server started successfully","timestamp":"2025-07-21T09:16:13.827Z"}
{"level":"info","message":"Server started successfully","timestamp":"2025-07-21T09:16:26.355Z"}
{"level":"info","message":"Server started successfully","timestamp":"2025-07-21T09:16:46.808Z"}
{"level":"info","message":"Server started successfully","timestamp":"2025-07-21T09:16:54.729Z"}
{"level":"error","message":"Error in register: Error checking user existence: ReferenceError: Status is not defined","timestamp":"2025-07-21T09:17:05.183Z"}
{"level":"info","message":"Server started successfully","timestamp":"2025-07-21T09:18:29.262Z"}
{"level":"info","message":"User registered successfully: ravikumar@example.com","timestamp":"2025-07-21T09:18:41.306Z"}
{"level":"info","message":"::1 - - [21/Jul/2025:09:18:41 +0000] \"POST /user/adduser HTTP/1.1\" 201 39 \"-\" \"PostmanRuntime/7.44.1\"","timestamp":"2025-07-21T09:18:41.312Z"}
{"level":"info","message":"Server started successfully","timestamp":"2025-07-21T09:20:33.747Z"}
{"level":"info","message":"Server started successfully","timestamp":"2025-07-21T09:21:57.649Z"}
{"level":"info","message":"Server started successfully","timestamp":"2025-07-21T09:22:20.347Z"}
{"level":"info","message":"Server started successfully","timestamp":"2025-07-21T09:24:01.059Z"}
{"level":"info","message":"Server started successfully","timestamp":"2025-07-21T09:24:52.875Z"}
{"level":"info","message":"Server started successfully","timestamp":"2025-07-21T09:28:55.963Z"}
{"level":"info","message":"Server started successfully","timestamp":"2025-07-21T09:28:58.281Z"}
{"level":"info","message":"Server started successfully","timestamp":"2025-07-21T09:29:02.530Z"}
{"level":"info","message":"Server started successfully","timestamp":"2025-07-21T09:29:05.540Z"}
{"level":"info","message":"Server started successfully","timestamp":"2025-07-21T09:29:12.150Z"}
{"level":"info","message":"Server started successfully","timestamp":"2025-07-21T09:29:16.523Z"}
{"level":"info","message":"Server started successfully","timestamp":"2025-07-21T09:29:21.053Z"}
{"level":"info","message":"Server started successfully","timestamp":"2025-07-21T09:29:25.519Z"}
{"level":"info","message":"Server started successfully","timestamp":"2025-07-21T09:29:27.759Z"}
{"level":"info","message":"Server started successfully","timestamp":"2025-07-21T09:29:31.117Z"}
{"level":"info","message":"Server started successfully","timestamp":"2025-07-21T09:29:56.592Z"}
{"level":"info","message":"Server started successfully","timestamp":"2025-07-21T09:30:06.203Z"}
{"level":"info","message":"Server started successfully","timestamp":"2025-07-21T09:30:07.492Z"}
{"level":"info","message":"Server started successfully","timestamp":"2025-07-21T09:30:10.201Z"}
{"level":"info","message":"Server started successfully","timestamp":"2025-07-21T09:30:18.046Z"}
{"level":"info","message":"Server started successfully","timestamp":"2025-07-21T09:30:29.960Z"}
{"level":"info","message":"Server started successfully","timestamp":"2025-07-21T09:30:43.489Z"}
{"level":"info","message":"Server started successfully","timestamp":"2025-07-21T09:31:08.558Z"}
{"level":"info","message":"Server started successfully","timestamp":"2025-07-21T09:31:19.823Z"}
{"level":"info","message":"Server started successfully","timestamp":"2025-07-21T09:31:40.659Z"}
{"level":"info","message":"Server started successfully","timestamp":"2025-07-21T09:31:49.694Z"}
{"level":"info","message":"Server started successfully","timestamp":"2025-07-21T09:31:56.148Z"}
{"level":"info","message":"Server started successfully","timestamp":"2025-07-21T09:31:59.022Z"}
{"level":"info","message":"Server started successfully","timestamp":"2025-07-21T09:32:03.690Z"}
{"level":"info","message":"Server started successfully","timestamp":"2025-07-21T09:32:07.917Z"}
{"level":"info","message":"Server started successfully","timestamp":"2025-07-21T09:32:09.834Z"}
{"level":"info","message":"Server started successfully","timestamp":"2025-07-21T09:32:23.506Z"}
{"level":"info","message":"Server started successfully","timestamp":"2025-07-21T09:32:34.382Z"}
{"level":"info","message":"Server started successfully","timestamp":"2025-07-21T09:32:45.155Z"}
{"level":"info","message":"Server started successfully","timestamp":"2025-07-21T09:32:47.991Z"}
{"level":"info","message":"Server started successfully","timestamp":"2025-07-21T09:32:50.540Z"}
{"level":"info","message":"::1 - - [21/Jul/2025:09:34:38 +0000] \"POST /auth/signin HTTP/1.1\" 401 52 \"-\" \"PostmanRuntime/7.44.1\"","timestamp":"2025-07-21T09:34:38.177Z"}
{"level":"error","message":"Error in signin: data and hash arguments required","timestamp":"2025-07-21T09:35:47.472Z"}
{"level":"info","message":"::1 - - [21/Jul/2025:09:35:47 +0000] \"POST /auth/signin HTTP/1.1\" 500 35 \"-\" \"PostmanRuntime/7.44.1\"","timestamp":"2025-07-21T09:35:47.475Z"}
{"level":"error","message":"Error in signin: data and hash arguments required","timestamp":"2025-07-21T09:36:00.783Z"}
{"level":"info","message":"::1 - - [21/Jul/2025:09:36:00 +0000] \"POST /auth/signin HTTP/1.1\" 500 35 \"-\" \"PostmanRuntime/7.44.1\"","timestamp":"2025-07-21T09:36:00.784Z"}
{"level":"info","message":"Server started successfully","timestamp":"2025-07-21T09:36:22.309Z"}
{"level":"error","message":"Error in signin: data and hash arguments required","timestamp":"2025-07-21T09:36:29.774Z"}
{"level":"info","message":"::1 - - [21/Jul/2025:09:36:29 +0000] \"POST /auth/signin HTTP/1.1\" 500 35 \"-\" \"PostmanRuntime/7.44.1\"","timestamp":"2025-07-21T09:36:29.781Z"}
{"level":"info","message":"Server started successfully","timestamp":"2025-07-21T09:39:02.058Z"}
{"level":"info","message":"Server started successfully","timestamp":"2025-07-21T09:39:17.062Z"}
{"level":"info","message":"Server started successfully","timestamp":"2025-07-21T09:39:20.874Z"}
{"level":"info","message":"Server started successfully","timestamp":"2025-07-21T09:39:23.936Z"}
{"level":"info","message":"Server started successfully","timestamp":"2025-07-21T09:39:26.209Z"}
{"level":"error","message":"Error in signin: data and hash arguments required","timestamp":"2025-07-21T09:39:38.084Z"}
{"level":"info","message":"::1 - - [21/Jul/2025:09:39:38 +0000] \"POST /auth/signin HTTP/1.1\" 500 35 \"-\" \"PostmanRuntime/7.44.1\"","timestamp":"2025-07-21T09:39:38.090Z"}
{"level":"info","message":"Server started successfully","timestamp":"2025-07-21T09:39:53.017Z"}
{"level":"info","message":"Server started successfully","timestamp":"2025-07-21T09:39:57.505Z"}
{"level":"error","message":"Error in signin: data and hash arguments required","timestamp":"2025-07-21T09:40:00.379Z"}
{"level":"info","message":"::1 - - [21/Jul/2025:09:40:00 +0000] \"POST /auth/signin HTTP/1.1\" 500 35 \"-\" \"PostmanRuntime/7.44.1\"","timestamp":"2025-07-21T09:40:00.385Z"}
{"level":"info","message":"Server started successfully","timestamp":"2025-07-21T09:40:36.494Z"}
{"level":"info","message":"Server started successfully","timestamp":"2025-07-21T09:41:21.857Z"}
{"level":"info","message":"Server started successfully","timestamp":"2025-07-21T09:41:25.725Z"}
{"level":"info","message":"Server started successfully","timestamp":"2025-07-21T09:41:27.570Z"}
{"level":"info","message":"Server started successfully","timestamp":"2025-07-21T09:41:46.267Z"}
{"level":"info","message":"Server started successfully","timestamp":"2025-07-21T09:41:50.055Z"}
{"level":"error","message":"Error in signin: data and hash arguments required","timestamp":"2025-07-21T09:41:56.057Z"}
{"level":"info","message":"::1 - - [21/Jul/2025:09:41:56 +0000] \"POST /auth/signin HTTP/1.1\" 500 35 \"-\" \"PostmanRuntime/7.44.1\"","timestamp":"2025-07-21T09:41:56.065Z"}
{"level":"info","message":"::1 - - [21/Jul/2025:09:42:19 +0000] \"POST /auth/signin HTTP/1.1\" 403 26 \"-\" \"PostmanRuntime/7.44.1\"","timestamp":"2025-07-21T09:42:19.525Z"}
{"level":"info","message":"Server started successfully","timestamp":"2025-07-21T09:42:43.622Z"}
{"level":"info","message":"Server started successfully","timestamp":"2025-07-21T09:42:48.551Z"}
{"level":"info","message":"Server started successfully","timestamp":"2025-07-21T09:43:33.602Z"}
{"level":"info","message":"User logged in successfully: ravikumar@example.com","timestamp":"2025-07-21T09:43:47.794Z"}
{"level":"info","message":"::1 - - [21/Jul/2025:09:43:47 +0000] \"POST /auth/signin HTTP/1.1\" 200 - \"-\" \"PostmanRuntime/7.44.1\"","timestamp":"2025-07-21T09:43:47.801Z"}
{"level":"info","message":"User logged in successfully: ravikumar@example.com","timestamp":"2025-07-21T09:43:50.386Z"}
{"level":"info","message":"::1 - - [21/Jul/2025:09:43:50 +0000] \"POST /auth/signin HTTP/1.1\" 200 - \"-\" \"PostmanRuntime/7.44.1\"","timestamp":"2025-07-21T09:43:50.388Z"}
{"level":"info","message":"User logged in successfully: ravikumar@example.com","timestamp":"2025-07-21T09:44:01.084Z"}
{"level":"info","message":"::1 - - [21/Jul/2025:09:44:01 +0000] \"POST /auth/signin HTTP/1.1\" 200 - \"-\" \"PostmanRuntime/7.44.1\"","timestamp":"2025-07-21T09:44:01.085Z"}
{"level":"error","message":"Error in signin: setCookieConfig is not defined","timestamp":"2025-07-21T09:47:02.758Z"}
{"level":"info","message":"::1 - - [21/Jul/2025:09:47:02 +0000] \"POST /auth/signin HTTP/1.1\" 500 35 \"-\" \"PostmanRuntime/7.44.1\"","timestamp":"2025-07-21T09:47:02.761Z"}
{"level":"error","message":"Error in signin: setCookieConfig is not defined","timestamp":"2025-07-21T09:47:05.353Z"}
{"level":"info","message":"::1 - - [21/Jul/2025:09:47:05 +0000] \"POST /auth/signin HTTP/1.1\" 500 35 \"-\" \"PostmanRuntime/7.44.1\"","timestamp":"2025-07-21T09:47:05.354Z"}
{"level":"info","message":"Server started successfully","timestamp":"2025-07-21T09:47:32.040Z"}
{"level":"info","message":"Server started successfully","timestamp":"2025-07-21T09:47:37.190Z"}
{"level":"info","message":"Server started successfully","timestamp":"2025-07-21T09:47:44.392Z"}
{"level":"info","message":"Server started successfully","timestamp":"2025-07-21T09:47:47.065Z"}
{"level":"info","message":"User logged in successfully: ravikumar@example.com","timestamp":"2025-07-21T09:47:51.632Z"}
{"level":"info","message":"::1 - - [21/Jul/2025:09:47:51 +0000] \"POST /auth/signin HTTP/1.1\" 200 561 \"-\" \"PostmanRuntime/7.44.1\"","timestamp":"2025-07-21T09:47:51.638Z"}
{"level":"info","message":"Server started successfully","timestamp":"2025-07-21T09:48:16.406Z"}
{"level":"info","message":"Server started successfully","timestamp":"2025-07-21T09:48:19.017Z"}
{"level":"info","message":"Server started successfully","timestamp":"2025-07-21T09:48:21.638Z"}
{"level":"info","message":"User logged in successfully: ravikumar@example.com","timestamp":"2025-07-21T09:48:23.115Z"}
{"level":"info","message":"::1 - - [21/Jul/2025:09:48:23 +0000] \"POST /auth/signin HTTP/1.1\" 200 750 \"-\" \"PostmanRuntime/7.44.1\"","timestamp":"2025-07-21T09:48:23.120Z"}
{"level":"info","message":"Server started successfully","timestamp":"2025-07-21T09:48:32.349Z"}
{"level":"info","message":"Server started successfully","timestamp":"2025-07-21T09:49:11.297Z"}
{"level":"info","message":"User logged in successfully: ravikumar@example.com","timestamp":"2025-07-21T09:50:52.110Z"}
{"level":"info","message":"::1 - - [21/Jul/2025:09:50:52 +0000] \"POST /auth/signin HTTP/1.1\" 200 561 \"-\" \"PostmanRuntime/7.44.1\"","timestamp":"2025-07-21T09:50:52.116Z"}
{"level":"info","message":"::1 - - [21/Jul/2025:09:51:10 +0000] \"POST /auth/signin HTTP/1.1\" 403 26 \"-\" \"PostmanRuntime/7.44.1\"","timestamp":"2025-07-21T09:51:10.212Z"}
{"level":"info","message":"::1 - - [21/Jul/2025:09:52:40 +0000] \"POST /auth/signin HTTP/1.1\" 403 26 \"-\" \"PostmanRuntime/7.44.1\"","timestamp":"2025-07-21T09:52:40.784Z"}
{"level":"info","message":"User logged in successfully: ravikumar@example.com","timestamp":"2025-07-21T09:53:07.299Z"}
{"level":"info","message":"::1 - - [21/Jul/2025:09:53:07 +0000] \"POST /auth/signin HTTP/1.1\" 200 561 \"-\" \"PostmanRuntime/7.44.1\"","timestamp":"2025-07-21T09:53:07.302Z"}
{"level":"info","message":"Server started successfully","timestamp":"2025-07-21T09:57:05.553Z"}
{"level":"info","message":"Server started successfully","timestamp":"2025-07-21T09:58:14.259Z"}
{"level":"info","message":"Server started successfully","timestamp":"2025-07-21T09:58:24.508Z"}
{"level":"info","message":"Server started successfully","timestamp":"2025-07-21T09:58:37.790Z"}
{"level":"info","message":"Server started successfully","timestamp":"2025-07-21T09:58:42.733Z"}
{"level":"info","message":"User logged in successfully: ravikumar@example.com","timestamp":"2025-07-21T09:58:47.699Z"}
{"level":"info","message":"::1 - - [21/Jul/2025:09:58:47 +0000] \"POST /auth/signin HTTP/1.1\" 200 561 \"-\" \"PostmanRuntime/7.44.1\"","timestamp":"2025-07-21T09:58:47.704Z"}
{"level":"info","message":"Server started successfully","timestamp":"2025-07-21T10:16:17.296Z"}
{"level":"info","message":"Server started successfully","timestamp":"2025-07-21T10:16:22.317Z"}
{"level":"info","message":"Server started successfully","timestamp":"2025-07-21T10:17:06.267Z"}
{"level":"info","message":"Server started successfully","timestamp":"2025-07-21T10:17:15.973Z"}
{"level":"info","message":"Server started successfully","timestamp":"2025-07-21T10:19:53.261Z"}
